<?xml version="1.0" encoding="UTF-8"?>
<!-- Generated by org.testng.reporters.JUnitReportReporter -->
<testsuite hostname="QMC080-SayaniS" name="TestScript.TCScript" tests="1" failures="0" timestamp="12 Dec 2015 06:00:56 GMT" time="62.512" errors="0">
  <testcase name="CA_AE_02" time="62.512" classname="TestScript.TCScript"/>
</testsuite> <!-- TestScript.TCScript -->
